<?xml version="1.0" encoding="UTF-8"?>
<!-- Generated by org.testng.reporters.JUnitReportReporter -->
<testsuite hostname="LAPTOP-GUJ2JEOM" failures="0" tests="1" name="com.train.TrainTests" time="16.039" errors="0" timestamp="2025-06-30T15:19:39 IST" skipped="0">
  <testcase classname="com.train.TrainTests" name="journeyClassFilters" time="16.039"/>
</testsuite> <!-- com.train.TrainTests -->
