<?xml version="1.0" encoding="UTF-8"?>
<!-- Generated by org.testng.reporters.JUnitReportReporter -->
<testsuite hostname="LAPTOP-GUJ2JEOM" failures="0" tests="9" name="com.train.MyDataDrivenTest" time="0.150" errors="0" timestamp="2025-07-03T16:28:58 IST" skipped="0">
  <testcase classname="com.train.MyDataDrivenTest" name="verifyFromCityToCity" time="0.021"/>
  <testcase classname="com.train.MyDataDrivenTest" name="verifyFromCityToCity" time="0.036"/>
  <testcase classname="com.train.MyDataDrivenTest" name="verifyFromCityToCity" time="0.017"/>
  <testcase classname="com.train.MyDataDrivenTest" name="verifyFromCityToCity" time="0.010"/>
  <testcase classname="com.train.MyDataDrivenTest" name="verifyFromCityToCity" time="0.013"/>
  <testcase classname="com.train.MyDataDrivenTest" name="verifyFromCityToCity" time="0.012"/>
  <testcase classname="com.train.MyDataDrivenTest" name="verifyFromCityToCity" time="0.012"/>
  <testcase classname="com.train.MyDataDrivenTest" name="verifyFromCityToCity" time="0.018"/>
  <testcase classname="com.train.MyDataDrivenTest" name="verifyFromCityToCity" time="0.011"/>
</testsuite> <!-- com.train.MyDataDrivenTest -->
